GROUP,PACKAGE,CLASS,INSTRUCTION_MISSED,INSTRUCTION_COVERED,BRANCH_MISSED,BRANCH_COVERED,LINE_MISSED,LINE_COVERED,COMPLEXITY_MISSED,COMPLEXITY_COVERED,METHOD_MISSED,METHOD_COVERED
Nexus-Listener Service,life.qbic.service,NexusListenerCommand,0,3,0,0,0,1,0,1,0,1
Nexus-Listener Service,life.qbic.service,Client,0,121,1,3,0,32,1,8,0,7
Nexus-Listener Service,life.qbic.service,NexusListenerService.new NanoHTTPD() {...},5,7,0,0,1,1,1,1,1,1
Nexus-Listener Service,life.qbic.service,NexusListenerService,233,338,15,13,48,75,11,15,1,11
Nexus-Listener Service,life.qbic.service,NexusListenerEntryPoint,20,0,0,0,6,0,3,0,3,0
Nexus-Listener Service,life.qbic.service,FileSystemHandler,19,73,0,0,3,17,0,5,0,5
